<?xml version="1.0" encoding="UTF-8"?>
<!-- Generated by org.testng.reporters.JUnitXMLReporter -->
<testsuite ignored="0" hostname="DESKTOP-IC9DQ3D" failures="2" tests="5" name="IndustriesorCategories Test" time="228.215" errors="0" timestamp="2024-09-27T16:45:17 IST">
  <testcase classname="ITW_BO_MyBrands_FilterFunctionality_Testcases.TC_012_SpecificIndustry" name="SelectSpecificIndustry" time="42.976">
    <failure type="org.openqa.selenium.ElementClickInterceptedException" message="element click intercepted: Element &amp;lt;button class=&amp;quot;MuiButtonBase-root MuiButton-root MuiButton-contained MuiButton-containedPrimary MuiButton-sizeMedium MuiButton-containedSizeMedium MuiButton-colorPrimary Mui-disabled MuiButton-root MuiButton-contained MuiButton-containedPrimary MuiButton-sizeMedium MuiButton-containedSizeMedium MuiButton-colorPrimary rounded-[18px] bg-Primary px-8 css-ejyia&amp;quot; tabindex=&amp;quot;-1&amp;quot; type=&amp;quot;button&amp;quot; disabled=&amp;quot;&amp;quot;&amp;gt;...&amp;lt;/button&amp;gt; is not clickable at point (1493, 778). Other element would receive the click: &amp;lt;div class=&amp;quot;flex gap-2 p-4 items-center justify-center&amp;quot;&amp;gt;...&amp;lt;/div&amp;gt;
  (Session info: chrome=129.0.6668.70)
Build info: version: &amp;apos;4.11.0&amp;apos;, revision: &amp;apos;040bc5406b&amp;apos;
System info: os.name: &amp;apos;Windows 11&amp;apos;, os.arch: &amp;apos;amd64&amp;apos;, os.version: &amp;apos;10.0&amp;apos;, java.version: &amp;apos;22.0.2&amp;apos;
Driver info: org.openqa.selenium.chrome.ChromeDriver
Command: [91ca6cd07f7f96da7f440b062571f545, clickElement {id=f.13F868709D9881C616D80948FB232FE0.d.17C51B6D84CA797A5C221B12EEBFE31A.e.64}]
Capabilities {acceptInsecureCerts: false, browserName: chrome, browserVersion: 129.0.6668.70, chrome: {chromedriverVersion: 129.0.6668.70 (df87d5cf12b1..., userDataDir: C:\Users\test\AppData\Local...}, fedcm:accounts: true, goog:chromeOptions: {debuggerAddress: localhost:50145}, networkConnectionEnabled: false, pageLoadStrategy: normal, platformName: windows, proxy: Proxy(), se:cdp: ws://localhost:50145/devtoo..., se:cdpVersion: 129.0.6668.70, setWindowRect: true, strictFileInteractability: false, timeouts: {implicit: 0, pageLoad: 300000, script: 30000}, unhandledPromptBehavior: dismiss and notify, webauthn:extension:credBlob: true, webauthn:extension:largeBlob: true, webauthn:extension:minPinLength: true, webauthn:extension:prf: true, webauthn:virtualAuthenticators: true}
Element: [[ChromeDriver: chrome on windows (91ca6cd07f7f96da7f440b062571f545)] -&amp;gt; xpath: //button[text()=&amp;apos;APPLY FILTERS&amp;apos;]]
Session ID: 91ca6cd07f7f96da7f440b062571f545">
      <![CDATA[org.openqa.selenium.ElementClickInterceptedException: element click intercepted: Element <button class="MuiButtonBase-root MuiButton-root MuiButton-contained MuiButton-containedPrimary MuiButton-sizeMedium MuiButton-containedSizeMedium MuiButton-colorPrimary Mui-disabled MuiButton-root MuiButton-contained MuiButton-containedPrimary MuiButton-sizeMedium MuiButton-containedSizeMedium MuiButton-colorPrimary rounded-[18px] bg-Primary px-8 css-ejyia" tabindex="-1" type="button" disabled="">...</button> is not clickable at point (1493, 778). Other element would receive the click: <div class="flex gap-2 p-4 items-center justify-center">...</div>
  (Session info: chrome=129.0.6668.70)
Build info: version: '4.11.0', revision: '040bc5406b'
System info: os.name: 'Windows 11', os.arch: 'amd64', os.version: '10.0', java.version: '22.0.2'
Driver info: org.openqa.selenium.chrome.ChromeDriver
Command: [91ca6cd07f7f96da7f440b062571f545, clickElement {id=f.13F868709D9881C616D80948FB232FE0.d.17C51B6D84CA797A5C221B12EEBFE31A.e.64}]
Capabilities {acceptInsecureCerts: false, browserName: chrome, browserVersion: 129.0.6668.70, chrome: {chromedriverVersion: 129.0.6668.70 (df87d5cf12b1..., userDataDir: C:\Users\test\AppData\Local...}, fedcm:accounts: true, goog:chromeOptions: {debuggerAddress: localhost:50145}, networkConnectionEnabled: false, pageLoadStrategy: normal, platformName: windows, proxy: Proxy(), se:cdp: ws://localhost:50145/devtoo..., se:cdpVersion: 129.0.6668.70, setWindowRect: true, strictFileInteractability: false, timeouts: {implicit: 0, pageLoad: 300000, script: 30000}, unhandledPromptBehavior: dismiss and notify, webauthn:extension:credBlob: true, webauthn:extension:largeBlob: true, webauthn:extension:minPinLength: true, webauthn:extension:prf: true, webauthn:virtualAuthenticators: true}
Element: [[ChromeDriver: chrome on windows (91ca6cd07f7f96da7f440b062571f545)] -> xpath: //button[text()='APPLY FILTERS']]
Session ID: 91ca6cd07f7f96da7f440b062571f545
at org.openqa.selenium.remote.codec.w3c.W3CHttpResponseCodec.createException(W3CHttpResponseCodec.java:200)
at org.openqa.selenium.remote.codec.w3c.W3CHttpResponseCodec.decode(W3CHttpResponseCodec.java:133)
at org.openqa.selenium.remote.codec.w3c.W3CHttpResponseCodec.decode(W3CHttpResponseCodec.java:52)
at org.openqa.selenium.remote.HttpCommandExecutor.execute(HttpCommandExecutor.java:191)
at org.openqa.selenium.remote.service.DriverCommandExecutor.invokeExecute(DriverCommandExecutor.java:196)
at org.openqa.selenium.remote.service.DriverCommandExecutor.execute(DriverCommandExecutor.java:171)
at org.openqa.selenium.remote.RemoteWebDriver.execute(RemoteWebDriver.java:518)
at org.openqa.selenium.remote.RemoteWebElement.execute(RemoteWebElement.java:224)
at org.openqa.selenium.remote.RemoteWebElement.click(RemoteWebElement.java:77)
at org.openqa.selenium.support.pagefactory.internal.LocatingElementHandler.invoke(LocatingElementHandler.java:51)
at jdk.proxy2/jdk.proxy2.$Proxy18.click(Unknown Source)
at ITW_BO_MyBrands_Filter_DashBoard_PageObjects.ITW_MyBrands_IndustriesandCategoriesPage.ClickApplyFiltersBtn(ITW_MyBrands_IndustriesandCategoriesPage.java:155)
at ITW_BO_MyBrands_FilterFunctionality_Testcases.TC_012_SpecificIndustry.SelectSpecificIndustry(TC_012_SpecificIndustry.java:37)
at java.base/java.util.ArrayList.forEach(ArrayList.java:1597)
... Removed 30 stack frames]]>
    </failure>
  </testcase> <!-- SelectSpecificIndustry -->
  <testcase classname="ITW_BO_MyBrands_FilterFunctionality_Testcases.TC_013_MultipleIndustry" name="MultipleIndustryTest" time="49.735"/>
  <testcase classname="ITW_BO_MyBrands_FilterFunctionality_Testcases.TC_014_Ind_Cat_Search" name="Ind_Cat_SearchFunTest" time="40.164"/>
  <testcase classname="ITW_BO_MyBrands_FilterFunctionality_Testcases.TC_015_Ind_Cat_ClearAll" name="ResetTest" time="43.536"/>
  <testcase classname="ITW_BO_MyBrands_FilterFunctionality_Testcases.TC_016_Ind_Cat_InvalidSearchQuery" name="InvalidSearchTest" time="38.914">
    <failure type="java.lang.IllegalAccessError" message="class ITW_BO_MyBrands_Filter_DashBoard_PageObjects.ITW_MyBrands_IndustriesandCategoriesPage (in unnamed module @0x51efea79) cannot access class jdk.internal.org.jline.utils.Log (in module jdk.internal.le) because module jdk.internal.le does not export jdk.internal.org.jline.utils to unnamed module @0x51efea79">
      <![CDATA[java.lang.IllegalAccessError: class ITW_BO_MyBrands_Filter_DashBoard_PageObjects.ITW_MyBrands_IndustriesandCategoriesPage (in unnamed module @0x51efea79) cannot access class jdk.internal.org.jline.utils.Log (in module jdk.internal.le) because module jdk.internal.le does not export jdk.internal.org.jline.utils to unnamed module @0x51efea79
at ITW_BO_MyBrands_Filter_DashBoard_PageObjects.ITW_MyBrands_IndustriesandCategoriesPage.InavlidSearchQuery(ITW_MyBrands_IndustriesandCategoriesPage.java:122)
at ITW_BO_MyBrands_FilterFunctionality_Testcases.TC_016_Ind_Cat_InvalidSearchQuery.InvalidSearchTest(TC_016_Ind_Cat_InvalidSearchQuery.java:38)
at java.base/java.util.ArrayList.forEach(ArrayList.java:1597)
... Removed 25 stack frames]]>
    </failure>
  </testcase> <!-- InvalidSearchTest -->
</testsuite> <!-- IndustriesorCategories Test -->
