<html>
<head>
<title>TestNG:  Test</title>
<link href="../testng.css" rel="stylesheet" type="text/css" />
<link href="../my-testng.css" rel="stylesheet" type="text/css" />

<style type="text/css">
.log { display: none;} 
.stack-trace { display: none;} 
</style>
<script type="text/javascript">
<!--
function flip(e) {
  current = e.style.display;
  if (current == 'block') {
    e.style.display = 'none';
    return 0;
  }
  else {
    e.style.display = 'block';
    return 1;
  }
}

function toggleBox(szDivId, elem, msg1, msg2)
{
  var res = -1;  if (document.getElementById) {
    res = flip(document.getElementById(szDivId));
  }
  else if (document.all) {
    // this is the way old msie versions work
    res = flip(document.all[szDivId]);
  }
  if(elem) {
    if(res == 0) elem.innerHTML = msg1; else elem.innerHTML = msg2;
  }

}

function toggleAllBoxes() {
  if (document.getElementsByTagName) {
    d = document.getElementsByTagName('div');
    for (i = 0; i < d.length; i++) {
      if (d[i].className == 'log') {
        flip(d[i]);
      }
    }
  }
}

// -->
</script>

</head>
<body>
<h2 align='center'>Test</h2><table border='1' align="center">
<tr>
<td>Tests passed/Failed/Skipped:</td><td>27/4/0</td>
</tr><tr>
<td>Started on:</td><td>Sun Sep 29 18:55:41 IST 2024</td>
</tr>
<tr><td>Total time:</td><td>1155 seconds (1155852 ms)</td>
</tr><tr>
<td>Included groups:</td><td></td>
</tr><tr>
<td>Excluded groups:</td><td></td>
</tr>
</table><p/>
<small><i>(Hover the method name to see the test class name)</i></small><p/>
<table width='100%' border='1' class='invocation-failed'>
<tr><td colspan='4' align='center'><b>FAILED TESTS</b></td></tr>
<tr><td><b>Test method</b></td>
<td width="30%"><b>Exception</b></td>
<td width="10%"><b>Time (seconds)</b></td>
<td><b>Instance</b></td>
</tr>
<tr>
<td title='ITW_BO_MyBrands_FilterFunctionality_Testcases.TC_003_SpecificRegions.SelectSpecificRegionsTest()'><b>SelectSpecificRegionsTest</b><br>Test class: ITW_BO_MyBrands_FilterFunctionality_Testcases.TC_003_SpecificRegions</td>
<td><div><pre>org.openqa.selenium.NoSuchElementException: no such element: Unable to locate element: {&quot;method&quot;:&quot;xpath&quot;,&quot;selector&quot;:&quot;//h1[text()=&apos;No Brands Found&apos;]&quot;}
  (Session info: chrome=129.0.6668.71)
For documentation on this error, please visit: https://www.selenium.dev/documentation/webdriver/troubleshooting/errors#no-such-element-exception
Build info: version: &apos;4.11.0&apos;, revision: &apos;040bc5406b&apos;
System info: os.name: &apos;Windows 11&apos;, os.arch: &apos;amd64&apos;, os.version: &apos;10.0&apos;, java.version: &apos;22.0.2&apos;
Driver info: org.openqa.selenium.chrome.ChromeDriver
Command: [e70236aab4cdcdb2d0132cc29ce403f9, findElement {using=xpath, value=//h1[text()=&apos;No Brands Found&apos;]}]
Capabilities {acceptInsecureCerts: false, browserName: chrome, browserVersion: 129.0.6668.71, chrome: {chromedriverVersion: 129.0.6668.70 (df87d5cf12b1..., userDataDir: C:\Users\test\AppData\Local...}, fedcm:accounts: true, goog:chromeOptions: {debuggerAddress: localhost:62278}, networkConnectionEnabled: false, pageLoadStrategy: normal, platformName: windows, proxy: Proxy(), se:cdp: ws://localhost:62278/devtoo..., se:cdpVersion: 129.0.6668.71, setWindowRect: true, strictFileInteractability: false, timeouts: {implicit: 0, pageLoad: 300000, script: 30000}, unhandledPromptBehavior: dismiss and notify, webauthn:extension:credBlob: true, webauthn:extension:largeBlob: true, webauthn:extension:minPinLength: true, webauthn:extension:prf: true, webauthn:virtualAuthenticators: true}
Session ID: e70236aab4cdcdb2d0132cc29ce403f9
	at org.openqa.selenium.remote.codec.w3c.W3CHttpResponseCodec.createException(W3CHttpResponseCodec.java:200)
	at org.openqa.selenium.remote.codec.w3c.W3CHttpResponseCodec.decode(W3CHttpResponseCodec.java:133)
	at org.openqa.selenium.remote.codec.w3c.W3CHttpResponseCodec.decode(W3CHttpResponseCodec.java:52)
	at org.openqa.selenium.remote.HttpCommandExecutor.execute(HttpCommandExecutor.java:191)
	at org.openqa.selenium.remote.service.DriverCommandExecutor.invokeExecute(DriverCommandExecutor.java:196)
	at org.openqa.selenium.remote.service.DriverCommandExecutor.execute(DriverCommandExecutor.java:171)
	at org.openqa.selenium.remote.RemoteWebDriver.execute(RemoteWebDriver.java:518)
	at org.openqa.selenium.remote.ElementLocation$ElementFinder$2.findElement(ElementLocation.java:165)
	at org.openqa.selenium.remote.ElementLocation.findElement(ElementLocation.java:59)
	at org.openqa.selenium.remote.RemoteWebDriver.findElement(RemoteWebDriver.java:355)
	at org.openqa.selenium.remote.RemoteWebDriver.findElement(RemoteWebDriver.java:349)
	at ITW_BO_MyBrands_FilterFunctionality_Testcases.TC_003_SpecificRegions.SelectSpecificRegionsTest(TC_003_SpecificRegions.java:43)
	at java.base/java.util.ArrayList.forEach(ArrayList.java:1597)
	at java.base/java.util.concurrent.FutureTask.run(FutureTask.java:317)
	at java.base/java.util.concurrent.ThreadPoolExecutor.runWorker(ThreadPoolExecutor.java:1144)
	at java.base/java.util.concurrent.ThreadPoolExecutor$Worker.run(ThreadPoolExecutor.java:642)
	at java.base/java.lang.Thread.run(Thread.java:1570)
... Removed 19 stack frames</pre></div><a href='#' onClick='toggleBox("stack-trace1791643112", this, "Click to show all stack frames", "Click to hide stack frames")'>Click to show all stack frames</a>
<div class='stack-trace' id='stack-trace1791643112'><pre>org.openqa.selenium.NoSuchElementException: no such element: Unable to locate element: {&quot;method&quot;:&quot;xpath&quot;,&quot;selector&quot;:&quot;//h1[text()=&apos;No Brands Found&apos;]&quot;}
  (Session info: chrome=129.0.6668.71)
For documentation on this error, please visit: https://www.selenium.dev/documentation/webdriver/troubleshooting/errors#no-such-element-exception
Build info: version: &apos;4.11.0&apos;, revision: &apos;040bc5406b&apos;
System info: os.name: &apos;Windows 11&apos;, os.arch: &apos;amd64&apos;, os.version: &apos;10.0&apos;, java.version: &apos;22.0.2&apos;
Driver info: org.openqa.selenium.chrome.ChromeDriver
Command: [e70236aab4cdcdb2d0132cc29ce403f9, findElement {using=xpath, value=//h1[text()=&apos;No Brands Found&apos;]}]
Capabilities {acceptInsecureCerts: false, browserName: chrome, browserVersion: 129.0.6668.71, chrome: {chromedriverVersion: 129.0.6668.70 (df87d5cf12b1..., userDataDir: C:\Users\test\AppData\Local...}, fedcm:accounts: true, goog:chromeOptions: {debuggerAddress: localhost:62278}, networkConnectionEnabled: false, pageLoadStrategy: normal, platformName: windows, proxy: Proxy(), se:cdp: ws://localhost:62278/devtoo..., se:cdpVersion: 129.0.6668.71, setWindowRect: true, strictFileInteractability: false, timeouts: {implicit: 0, pageLoad: 300000, script: 30000}, unhandledPromptBehavior: dismiss and notify, webauthn:extension:credBlob: true, webauthn:extension:largeBlob: true, webauthn:extension:minPinLength: true, webauthn:extension:prf: true, webauthn:virtualAuthenticators: true}
Session ID: e70236aab4cdcdb2d0132cc29ce403f9
	at java.base/jdk.internal.reflect.DirectConstructorHandleAccessor.newInstance(DirectConstructorHandleAccessor.java:62)
	at java.base/java.lang.reflect.Constructor.newInstanceWithCaller(Constructor.java:502)
	at java.base/java.lang.reflect.Constructor.newInstance(Constructor.java:486)
	at org.openqa.selenium.remote.codec.w3c.W3CHttpResponseCodec.createException(W3CHttpResponseCodec.java:200)
	at org.openqa.selenium.remote.codec.w3c.W3CHttpResponseCodec.decode(W3CHttpResponseCodec.java:133)
	at org.openqa.selenium.remote.codec.w3c.W3CHttpResponseCodec.decode(W3CHttpResponseCodec.java:52)
	at org.openqa.selenium.remote.HttpCommandExecutor.execute(HttpCommandExecutor.java:191)
	at org.openqa.selenium.remote.service.DriverCommandExecutor.invokeExecute(DriverCommandExecutor.java:196)
	at org.openqa.selenium.remote.service.DriverCommandExecutor.execute(DriverCommandExecutor.java:171)
	at org.openqa.selenium.remote.RemoteWebDriver.execute(RemoteWebDriver.java:518)
	at org.openqa.selenium.remote.ElementLocation$ElementFinder$2.findElement(ElementLocation.java:165)
	at org.openqa.selenium.remote.ElementLocation.findElement(ElementLocation.java:59)
	at org.openqa.selenium.remote.RemoteWebDriver.findElement(RemoteWebDriver.java:355)
	at org.openqa.selenium.remote.RemoteWebDriver.findElement(RemoteWebDriver.java:349)
	at ITW_BO_MyBrands_FilterFunctionality_Testcases.TC_003_SpecificRegions.SelectSpecificRegionsTest(TC_003_SpecificRegions.java:43)
	at java.base/jdk.internal.reflect.DirectMethodHandleAccessor.invoke(DirectMethodHandleAccessor.java:103)
	at java.base/java.lang.reflect.Method.invoke(Method.java:580)
	at org.testng.internal.MethodInvocationHelper.invokeMethod(MethodInvocationHelper.java:133)
	at org.testng.internal.TestInvoker.invokeMethod(TestInvoker.java:598)
	at org.testng.internal.TestInvoker.invokeTestMethod(TestInvoker.java:173)
	at org.testng.internal.MethodRunner.runInSequence(MethodRunner.java:46)
	at org.testng.internal.TestInvoker$MethodInvocationAgent.invoke(TestInvoker.java:824)
	at org.testng.internal.TestInvoker.invokeTestMethods(TestInvoker.java:146)
	at org.testng.internal.TestMethodWorker.invokeTestMethods(TestMethodWorker.java:146)
	at org.testng.internal.TestMethodWorker.run(TestMethodWorker.java:128)
	at java.base/java.util.ArrayList.forEach(ArrayList.java:1597)
	at org.testng.TestRunner.privateRun(TestRunner.java:794)
	at org.testng.TestRunner.run(TestRunner.java:596)
	at org.testng.SuiteRunner.runTest(SuiteRunner.java:377)
	at org.testng.SuiteRunner.access$000(SuiteRunner.java:28)
	at org.testng.SuiteRunner$SuiteWorker.run(SuiteRunner.java:418)
	at org.testng.internal.thread.ThreadUtil.lambda$execute$0(ThreadUtil.java:64)
	at java.base/java.util.concurrent.FutureTask.run(FutureTask.java:317)
	at java.base/java.util.concurrent.ThreadPoolExecutor.runWorker(ThreadPoolExecutor.java:1144)
	at java.base/java.util.concurrent.ThreadPoolExecutor$Worker.run(ThreadPoolExecutor.java:642)
	at java.base/java.lang.Thread.run(Thread.java:1570)
</pre></div></td>
<td>44</td>
<td>ITW_BO_MyBrands_FilterFunctionality_Testcases.TC_003_SpecificRegions@17f9d882</td></tr>
<tr>
<td title='ITW_BO_MyBrands_FilterFunctionality_Testcases.TC_005_InvalidSpecificCity.InvalidSpecificCityTest()'><b>InvalidSpecificCityTest</b><br>Test class: ITW_BO_MyBrands_FilterFunctionality_Testcases.TC_005_InvalidSpecificCity</td>
<td><div><pre>org.openqa.selenium.NoSuchElementException: no such element: Unable to locate element: {&quot;method&quot;:&quot;xpath&quot;,&quot;selector&quot;:&quot;//h1[text()=&apos;No Brands Found&apos;]&quot;}
  (Session info: chrome=129.0.6668.71)
For documentation on this error, please visit: https://www.selenium.dev/documentation/webdriver/troubleshooting/errors#no-such-element-exception
Build info: version: &apos;4.11.0&apos;, revision: &apos;040bc5406b&apos;
System info: os.name: &apos;Windows 11&apos;, os.arch: &apos;amd64&apos;, os.version: &apos;10.0&apos;, java.version: &apos;22.0.2&apos;
Driver info: org.openqa.selenium.chrome.ChromeDriver
Command: [a9d1958937010a746bb1155c7e489ceb, findElement {using=xpath, value=//h1[text()=&apos;No Brands Found&apos;]}]
Capabilities {acceptInsecureCerts: false, browserName: chrome, browserVersion: 129.0.6668.71, chrome: {chromedriverVersion: 129.0.6668.70 (df87d5cf12b1..., userDataDir: C:\Users\test\AppData\Local...}, fedcm:accounts: true, goog:chromeOptions: {debuggerAddress: localhost:62536}, networkConnectionEnabled: false, pageLoadStrategy: normal, platformName: windows, proxy: Proxy(), se:cdp: ws://localhost:62536/devtoo..., se:cdpVersion: 129.0.6668.71, setWindowRect: true, strictFileInteractability: false, timeouts: {implicit: 0, pageLoad: 300000, script: 30000}, unhandledPromptBehavior: dismiss and notify, webauthn:extension:credBlob: true, webauthn:extension:largeBlob: true, webauthn:extension:minPinLength: true, webauthn:extension:prf: true, webauthn:virtualAuthenticators: true}
Session ID: a9d1958937010a746bb1155c7e489ceb
	at org.openqa.selenium.remote.codec.w3c.W3CHttpResponseCodec.createException(W3CHttpResponseCodec.java:200)
	at org.openqa.selenium.remote.codec.w3c.W3CHttpResponseCodec.decode(W3CHttpResponseCodec.java:133)
	at org.openqa.selenium.remote.codec.w3c.W3CHttpResponseCodec.decode(W3CHttpResponseCodec.java:52)
	at org.openqa.selenium.remote.HttpCommandExecutor.execute(HttpCommandExecutor.java:191)
	at org.openqa.selenium.remote.service.DriverCommandExecutor.invokeExecute(DriverCommandExecutor.java:196)
	at org.openqa.selenium.remote.service.DriverCommandExecutor.execute(DriverCommandExecutor.java:171)
	at org.openqa.selenium.remote.RemoteWebDriver.execute(RemoteWebDriver.java:518)
	at org.openqa.selenium.remote.ElementLocation$ElementFinder$2.findElement(ElementLocation.java:165)
	at org.openqa.selenium.remote.ElementLocation.findElement(ElementLocation.java:59)
	at org.openqa.selenium.remote.RemoteWebDriver.findElement(RemoteWebDriver.java:355)
	at org.openqa.selenium.remote.RemoteWebDriver.findElement(RemoteWebDriver.java:349)
	at ITW_BO_MyBrands_FilterFunctionality_Testcases.TC_005_InvalidSpecificCity.InvalidSpecificCityTest(TC_005_InvalidSpecificCity.java:42)
	at java.base/java.util.ArrayList.forEach(ArrayList.java:1597)
	at java.base/java.util.concurrent.FutureTask.run(FutureTask.java:317)
	at java.base/java.util.concurrent.ThreadPoolExecutor.runWorker(ThreadPoolExecutor.java:1144)
	at java.base/java.util.concurrent.ThreadPoolExecutor$Worker.run(ThreadPoolExecutor.java:642)
	at java.base/java.lang.Thread.run(Thread.java:1570)
... Removed 19 stack frames</pre></div><a href='#' onClick='toggleBox("stack-trace2092076848", this, "Click to show all stack frames", "Click to hide stack frames")'>Click to show all stack frames</a>
<div class='stack-trace' id='stack-trace2092076848'><pre>org.openqa.selenium.NoSuchElementException: no such element: Unable to locate element: {&quot;method&quot;:&quot;xpath&quot;,&quot;selector&quot;:&quot;//h1[text()=&apos;No Brands Found&apos;]&quot;}
  (Session info: chrome=129.0.6668.71)
For documentation on this error, please visit: https://www.selenium.dev/documentation/webdriver/troubleshooting/errors#no-such-element-exception
Build info: version: &apos;4.11.0&apos;, revision: &apos;040bc5406b&apos;
System info: os.name: &apos;Windows 11&apos;, os.arch: &apos;amd64&apos;, os.version: &apos;10.0&apos;, java.version: &apos;22.0.2&apos;
Driver info: org.openqa.selenium.chrome.ChromeDriver
Command: [a9d1958937010a746bb1155c7e489ceb, findElement {using=xpath, value=//h1[text()=&apos;No Brands Found&apos;]}]
Capabilities {acceptInsecureCerts: false, browserName: chrome, browserVersion: 129.0.6668.71, chrome: {chromedriverVersion: 129.0.6668.70 (df87d5cf12b1..., userDataDir: C:\Users\test\AppData\Local...}, fedcm:accounts: true, goog:chromeOptions: {debuggerAddress: localhost:62536}, networkConnectionEnabled: false, pageLoadStrategy: normal, platformName: windows, proxy: Proxy(), se:cdp: ws://localhost:62536/devtoo..., se:cdpVersion: 129.0.6668.71, setWindowRect: true, strictFileInteractability: false, timeouts: {implicit: 0, pageLoad: 300000, script: 30000}, unhandledPromptBehavior: dismiss and notify, webauthn:extension:credBlob: true, webauthn:extension:largeBlob: true, webauthn:extension:minPinLength: true, webauthn:extension:prf: true, webauthn:virtualAuthenticators: true}
Session ID: a9d1958937010a746bb1155c7e489ceb
	at java.base/jdk.internal.reflect.DirectConstructorHandleAccessor.newInstance(DirectConstructorHandleAccessor.java:62)
	at java.base/java.lang.reflect.Constructor.newInstanceWithCaller(Constructor.java:502)
	at java.base/java.lang.reflect.Constructor.newInstance(Constructor.java:486)
	at org.openqa.selenium.remote.codec.w3c.W3CHttpResponseCodec.createException(W3CHttpResponseCodec.java:200)
	at org.openqa.selenium.remote.codec.w3c.W3CHttpResponseCodec.decode(W3CHttpResponseCodec.java:133)
	at org.openqa.selenium.remote.codec.w3c.W3CHttpResponseCodec.decode(W3CHttpResponseCodec.java:52)
	at org.openqa.selenium.remote.HttpCommandExecutor.execute(HttpCommandExecutor.java:191)
	at org.openqa.selenium.remote.service.DriverCommandExecutor.invokeExecute(DriverCommandExecutor.java:196)
	at org.openqa.selenium.remote.service.DriverCommandExecutor.execute(DriverCommandExecutor.java:171)
	at org.openqa.selenium.remote.RemoteWebDriver.execute(RemoteWebDriver.java:518)
	at org.openqa.selenium.remote.ElementLocation$ElementFinder$2.findElement(ElementLocation.java:165)
	at org.openqa.selenium.remote.ElementLocation.findElement(ElementLocation.java:59)
	at org.openqa.selenium.remote.RemoteWebDriver.findElement(RemoteWebDriver.java:355)
	at org.openqa.selenium.remote.RemoteWebDriver.findElement(RemoteWebDriver.java:349)
	at ITW_BO_MyBrands_FilterFunctionality_Testcases.TC_005_InvalidSpecificCity.InvalidSpecificCityTest(TC_005_InvalidSpecificCity.java:42)
	at java.base/jdk.internal.reflect.DirectMethodHandleAccessor.invoke(DirectMethodHandleAccessor.java:103)
	at java.base/java.lang.reflect.Method.invoke(Method.java:580)
	at org.testng.internal.MethodInvocationHelper.invokeMethod(MethodInvocationHelper.java:133)
	at org.testng.internal.TestInvoker.invokeMethod(TestInvoker.java:598)
	at org.testng.internal.TestInvoker.invokeTestMethod(TestInvoker.java:173)
	at org.testng.internal.MethodRunner.runInSequence(MethodRunner.java:46)
	at org.testng.internal.TestInvoker$MethodInvocationAgent.invoke(TestInvoker.java:824)
	at org.testng.internal.TestInvoker.invokeTestMethods(TestInvoker.java:146)
	at org.testng.internal.TestMethodWorker.invokeTestMethods(TestMethodWorker.java:146)
	at org.testng.internal.TestMethodWorker.run(TestMethodWorker.java:128)
	at java.base/java.util.ArrayList.forEach(ArrayList.java:1597)
	at org.testng.TestRunner.privateRun(TestRunner.java:794)
	at org.testng.TestRunner.run(TestRunner.java:596)
	at org.testng.SuiteRunner.runTest(SuiteRunner.java:377)
	at org.testng.SuiteRunner.access$000(SuiteRunner.java:28)
	at org.testng.SuiteRunner$SuiteWorker.run(SuiteRunner.java:418)
	at org.testng.internal.thread.ThreadUtil.lambda$execute$0(ThreadUtil.java:64)
	at java.base/java.util.concurrent.FutureTask.run(FutureTask.java:317)
	at java.base/java.util.concurrent.ThreadPoolExecutor.runWorker(ThreadPoolExecutor.java:1144)
	at java.base/java.util.concurrent.ThreadPoolExecutor$Worker.run(ThreadPoolExecutor.java:642)
	at java.base/java.lang.Thread.run(Thread.java:1570)
</pre></div></td>
<td>47</td>
<td>ITW_BO_MyBrands_FilterFunctionality_Testcases.TC_005_InvalidSpecificCity@79e4c792</td></tr>
<tr>
<td title='ITW_BO_MyBrands_FilterFunctionality_Testcases.TC_034_AR_MinandMaxZero.AR_Min_Max_Zero_Test()'><b>AR_Min_Max_Zero_Test</b><br>Test class: ITW_BO_MyBrands_FilterFunctionality_Testcases.TC_034_AR_MinandMaxZero</td>
<td><div><pre>org.openqa.selenium.NoSuchElementException: no such element: Unable to locate element: {&quot;method&quot;:&quot;xpath&quot;,&quot;selector&quot;:&quot;//input[@id=&apos;:r3e:&apos;]&quot;}
  (Session info: chrome=129.0.6668.71)
For documentation on this error, please visit: https://www.selenium.dev/documentation/webdriver/troubleshooting/errors#no-such-element-exception
Build info: version: &apos;4.11.0&apos;, revision: &apos;040bc5406b&apos;
System info: os.name: &apos;Windows 11&apos;, os.arch: &apos;amd64&apos;, os.version: &apos;10.0&apos;, java.version: &apos;22.0.2&apos;
Driver info: org.openqa.selenium.chrome.ChromeDriver
Command: [af2fc88e926b247011b33ebafd502a6d, findElement {using=xpath, value=//input[@id=&apos;:r3e:&apos;]}]
Capabilities {acceptInsecureCerts: false, browserName: chrome, browserVersion: 129.0.6668.71, chrome: {chromedriverVersion: 129.0.6668.70 (df87d5cf12b1..., userDataDir: C:\Users\test\AppData\Local...}, fedcm:accounts: true, goog:chromeOptions: {debuggerAddress: localhost:49922}, networkConnectionEnabled: false, pageLoadStrategy: normal, platformName: windows, proxy: Proxy(), se:cdp: ws://localhost:49922/devtoo..., se:cdpVersion: 129.0.6668.71, setWindowRect: true, strictFileInteractability: false, timeouts: {implicit: 0, pageLoad: 300000, script: 30000}, unhandledPromptBehavior: dismiss and notify, webauthn:extension:credBlob: true, webauthn:extension:largeBlob: true, webauthn:extension:minPinLength: true, webauthn:extension:prf: true, webauthn:virtualAuthenticators: true}
Session ID: af2fc88e926b247011b33ebafd502a6d
	at org.openqa.selenium.remote.codec.w3c.W3CHttpResponseCodec.createException(W3CHttpResponseCodec.java:200)
	at org.openqa.selenium.remote.codec.w3c.W3CHttpResponseCodec.decode(W3CHttpResponseCodec.java:133)
	at org.openqa.selenium.remote.codec.w3c.W3CHttpResponseCodec.decode(W3CHttpResponseCodec.java:52)
	at org.openqa.selenium.remote.HttpCommandExecutor.execute(HttpCommandExecutor.java:191)
	at org.openqa.selenium.remote.service.DriverCommandExecutor.invokeExecute(DriverCommandExecutor.java:196)
	at org.openqa.selenium.remote.service.DriverCommandExecutor.execute(DriverCommandExecutor.java:171)
	at org.openqa.selenium.remote.RemoteWebDriver.execute(RemoteWebDriver.java:518)
	at org.openqa.selenium.remote.ElementLocation$ElementFinder$2.findElement(ElementLocation.java:165)
	at org.openqa.selenium.remote.ElementLocation.findElement(ElementLocation.java:59)
	at org.openqa.selenium.remote.RemoteWebDriver.findElement(RemoteWebDriver.java:355)
	at org.openqa.selenium.remote.RemoteWebDriver.findElement(RemoteWebDriver.java:349)
	at org.openqa.selenium.support.pagefactory.DefaultElementLocator.findElement(DefaultElementLocator.java:68)
	at org.openqa.selenium.support.pagefactory.internal.LocatingElementHandler.invoke(LocatingElementHandler.java:38)
	at jdk.proxy2/jdk.proxy2.$Proxy17.getWrappedElement(Unknown Source)
	at org.openqa.selenium.remote.internal.WebElementToJsonConverter.apply(WebElementToJsonConverter.java:51)
	at java.base/java.util.stream.ReferencePipeline$3$1.accept(ReferencePipeline.java:212)
	at java.base/java.util.Spliterators$ArraySpliterator.forEachRemaining(Spliterators.java:1024)
	at java.base/java.util.stream.AbstractPipeline.copyInto(AbstractPipeline.java:556)
	at java.base/java.util.stream.AbstractPipeline.wrapAndCopyInto(AbstractPipeline.java:546)
	at java.base/java.util.stream.ReduceOps$ReduceOp.evaluateSequential(ReduceOps.java:921)
	at java.base/java.util.stream.AbstractPipeline.evaluate(AbstractPipeline.java:265)
	at java.base/java.util.stream.ReferencePipeline.collect(ReferencePipeline.java:702)
	at org.openqa.selenium.remote.RemoteWebDriver.executeScript(RemoteWebDriver.java:461)
	at ITW_BO_MyBrands_Filter_DashBoard_PageObjects.ITW_MyBrands_AnnualRevenuePage.EnterMaxValue(ITW_MyBrands_AnnualRevenuePage.java:39)
	at ITW_BO_MyBrands_FilterFunctionality_Testcases.TC_034_AR_MinandMaxZero.AR_Min_Max_Zero_Test(TC_034_AR_MinandMaxZero.java:32)
	at java.base/java.util.ArrayList.forEach(ArrayList.java:1597)
	at java.base/java.util.concurrent.FutureTask.run(FutureTask.java:317)
	at java.base/java.util.concurrent.ThreadPoolExecutor.runWorker(ThreadPoolExecutor.java:1144)
	at java.base/java.util.concurrent.ThreadPoolExecutor$Worker.run(ThreadPoolExecutor.java:642)
	at java.base/java.lang.Thread.run(Thread.java:1570)
... Removed 19 stack frames</pre></div><a href='#' onClick='toggleBox("stack-trace695688287", this, "Click to show all stack frames", "Click to hide stack frames")'>Click to show all stack frames</a>
<div class='stack-trace' id='stack-trace695688287'><pre>org.openqa.selenium.NoSuchElementException: no such element: Unable to locate element: {&quot;method&quot;:&quot;xpath&quot;,&quot;selector&quot;:&quot;//input[@id=&apos;:r3e:&apos;]&quot;}
  (Session info: chrome=129.0.6668.71)
For documentation on this error, please visit: https://www.selenium.dev/documentation/webdriver/troubleshooting/errors#no-such-element-exception
Build info: version: &apos;4.11.0&apos;, revision: &apos;040bc5406b&apos;
System info: os.name: &apos;Windows 11&apos;, os.arch: &apos;amd64&apos;, os.version: &apos;10.0&apos;, java.version: &apos;22.0.2&apos;
Driver info: org.openqa.selenium.chrome.ChromeDriver
Command: [af2fc88e926b247011b33ebafd502a6d, findElement {using=xpath, value=//input[@id=&apos;:r3e:&apos;]}]
Capabilities {acceptInsecureCerts: false, browserName: chrome, browserVersion: 129.0.6668.71, chrome: {chromedriverVersion: 129.0.6668.70 (df87d5cf12b1..., userDataDir: C:\Users\test\AppData\Local...}, fedcm:accounts: true, goog:chromeOptions: {debuggerAddress: localhost:49922}, networkConnectionEnabled: false, pageLoadStrategy: normal, platformName: windows, proxy: Proxy(), se:cdp: ws://localhost:49922/devtoo..., se:cdpVersion: 129.0.6668.71, setWindowRect: true, strictFileInteractability: false, timeouts: {implicit: 0, pageLoad: 300000, script: 30000}, unhandledPromptBehavior: dismiss and notify, webauthn:extension:credBlob: true, webauthn:extension:largeBlob: true, webauthn:extension:minPinLength: true, webauthn:extension:prf: true, webauthn:virtualAuthenticators: true}
Session ID: af2fc88e926b247011b33ebafd502a6d
	at java.base/jdk.internal.reflect.DirectConstructorHandleAccessor.newInstance(DirectConstructorHandleAccessor.java:62)
	at java.base/java.lang.reflect.Constructor.newInstanceWithCaller(Constructor.java:502)
	at java.base/java.lang.reflect.Constructor.newInstance(Constructor.java:486)
	at org.openqa.selenium.remote.codec.w3c.W3CHttpResponseCodec.createException(W3CHttpResponseCodec.java:200)
	at org.openqa.selenium.remote.codec.w3c.W3CHttpResponseCodec.decode(W3CHttpResponseCodec.java:133)
	at org.openqa.selenium.remote.codec.w3c.W3CHttpResponseCodec.decode(W3CHttpResponseCodec.java:52)
	at org.openqa.selenium.remote.HttpCommandExecutor.execute(HttpCommandExecutor.java:191)
	at org.openqa.selenium.remote.service.DriverCommandExecutor.invokeExecute(DriverCommandExecutor.java:196)
	at org.openqa.selenium.remote.service.DriverCommandExecutor.execute(DriverCommandExecutor.java:171)
	at org.openqa.selenium.remote.RemoteWebDriver.execute(RemoteWebDriver.java:518)
	at org.openqa.selenium.remote.ElementLocation$ElementFinder$2.findElement(ElementLocation.java:165)
	at org.openqa.selenium.remote.ElementLocation.findElement(ElementLocation.java:59)
	at org.openqa.selenium.remote.RemoteWebDriver.findElement(RemoteWebDriver.java:355)
	at org.openqa.selenium.remote.RemoteWebDriver.findElement(RemoteWebDriver.java:349)
	at org.openqa.selenium.support.pagefactory.DefaultElementLocator.findElement(DefaultElementLocator.java:68)
	at org.openqa.selenium.support.pagefactory.internal.LocatingElementHandler.invoke(LocatingElementHandler.java:38)
	at jdk.proxy2/jdk.proxy2.$Proxy17.getWrappedElement(Unknown Source)
	at org.openqa.selenium.remote.internal.WebElementToJsonConverter.apply(WebElementToJsonConverter.java:51)
	at java.base/java.util.stream.ReferencePipeline$3$1.accept(ReferencePipeline.java:212)
	at java.base/java.util.Spliterators$ArraySpliterator.forEachRemaining(Spliterators.java:1024)
	at java.base/java.util.stream.AbstractPipeline.copyInto(AbstractPipeline.java:556)
	at java.base/java.util.stream.AbstractPipeline.wrapAndCopyInto(AbstractPipeline.java:546)
	at java.base/java.util.stream.ReduceOps$ReduceOp.evaluateSequential(ReduceOps.java:921)
	at java.base/java.util.stream.AbstractPipeline.evaluate(AbstractPipeline.java:265)
	at java.base/java.util.stream.ReferencePipeline.collect(ReferencePipeline.java:702)
	at org.openqa.selenium.remote.RemoteWebDriver.executeScript(RemoteWebDriver.java:461)
	at ITW_BO_MyBrands_Filter_DashBoard_PageObjects.ITW_MyBrands_AnnualRevenuePage.EnterMaxValue(ITW_MyBrands_AnnualRevenuePage.java:39)
	at ITW_BO_MyBrands_FilterFunctionality_Testcases.TC_034_AR_MinandMaxZero.AR_Min_Max_Zero_Test(TC_034_AR_MinandMaxZero.java:32)
	at java.base/jdk.internal.reflect.DirectMethodHandleAccessor.invoke(DirectMethodHandleAccessor.java:103)
	at java.base/java.lang.reflect.Method.invoke(Method.java:580)
	at org.testng.internal.MethodInvocationHelper.invokeMethod(MethodInvocationHelper.java:133)
	at org.testng.internal.TestInvoker.invokeMethod(TestInvoker.java:598)
	at org.testng.internal.TestInvoker.invokeTestMethod(TestInvoker.java:173)
	at org.testng.internal.MethodRunner.runInSequence(MethodRunner.java:46)
	at org.testng.internal.TestInvoker$MethodInvocationAgent.invoke(TestInvoker.java:824)
	at org.testng.internal.TestInvoker.invokeTestMethods(TestInvoker.java:146)
	at org.testng.internal.TestMethodWorker.invokeTestMethods(TestMethodWorker.java:146)
	at org.testng.internal.TestMethodWorker.run(TestMethodWorker.java:128)
	at java.base/java.util.ArrayList.forEach(ArrayList.java:1597)
	at org.testng.TestRunner.privateRun(TestRunner.java:794)
	at org.testng.TestRunner.run(TestRunner.java:596)
	at org.testng.SuiteRunner.runTest(SuiteRunner.java:377)
	at org.testng.SuiteRunner.access$000(SuiteRunner.java:28)
	at org.testng.SuiteRunner$SuiteWorker.run(SuiteRunner.java:418)
	at org.testng.internal.thread.ThreadUtil.lambda$execute$0(ThreadUtil.java:64)
	at java.base/java.util.concurrent.FutureTask.run(FutureTask.java:317)
	at java.base/java.util.concurrent.ThreadPoolExecutor.runWorker(ThreadPoolExecutor.java:1144)
	at java.base/java.util.concurrent.ThreadPoolExecutor$Worker.run(ThreadPoolExecutor.java:642)
	at java.base/java.lang.Thread.run(Thread.java:1570)
</pre></div></td>
<td>43</td>
<td>ITW_BO_MyBrands_FilterFunctionality_Testcases.TC_034_AR_MinandMaxZero@68c9133c</td></tr>
<tr>
<td title='ITW_BO_MyBrands_FilterFunctionality_Testcases.TC_008_Reg_Cities_Search.SearchTest()'><b>SearchTest</b><br>Test class: ITW_BO_MyBrands_FilterFunctionality_Testcases.TC_008_Reg_Cities_Search</td>
<td><div><pre>java.lang.AssertionError: expected [true] but found [false]
	at ITW_BO_MyBrands_FilterFunctionality_Testcases.TC_008_Reg_Cities_Search.SearchTest(TC_008_Reg_Cities_Search.java:46)
	at java.base/java.util.ArrayList.forEach(ArrayList.java:1597)
	at java.base/java.util.concurrent.FutureTask.run(FutureTask.java:317)
	at java.base/java.util.concurrent.ThreadPoolExecutor.runWorker(ThreadPoolExecutor.java:1144)
	at java.base/java.util.concurrent.ThreadPoolExecutor$Worker.run(ThreadPoolExecutor.java:642)
	at java.base/java.lang.Thread.run(Thread.java:1570)
... Removed 20 stack frames</pre></div><a href='#' onClick='toggleBox("stack-trace1959947421", this, "Click to show all stack frames", "Click to hide stack frames")'>Click to show all stack frames</a>
<div class='stack-trace' id='stack-trace1959947421'><pre>java.lang.AssertionError: expected [true] but found [false]
	at org.testng.Assert.fail(Assert.java:99)
	at org.testng.Assert.failNotEquals(Assert.java:1037)
	at org.testng.Assert.assertTrue(Assert.java:45)
	at org.testng.Assert.assertTrue(Assert.java:55)
	at ITW_BO_MyBrands_FilterFunctionality_Testcases.TC_008_Reg_Cities_Search.SearchTest(TC_008_Reg_Cities_Search.java:46)
	at java.base/jdk.internal.reflect.DirectMethodHandleAccessor.invoke(DirectMethodHandleAccessor.java:103)
	at java.base/java.lang.reflect.Method.invoke(Method.java:580)
	at org.testng.internal.MethodInvocationHelper.invokeMethod(MethodInvocationHelper.java:133)
	at org.testng.internal.TestInvoker.invokeMethod(TestInvoker.java:598)
	at org.testng.internal.TestInvoker.invokeTestMethod(TestInvoker.java:173)
	at org.testng.internal.MethodRunner.runInSequence(MethodRunner.java:46)
	at org.testng.internal.TestInvoker$MethodInvocationAgent.invoke(TestInvoker.java:824)
	at org.testng.internal.TestInvoker.invokeTestMethods(TestInvoker.java:146)
	at org.testng.internal.TestMethodWorker.invokeTestMethods(TestMethodWorker.java:146)
	at org.testng.internal.TestMethodWorker.run(TestMethodWorker.java:128)
	at java.base/java.util.ArrayList.forEach(ArrayList.java:1597)
	at org.testng.TestRunner.privateRun(TestRunner.java:794)
	at org.testng.TestRunner.run(TestRunner.java:596)
	at org.testng.SuiteRunner.runTest(SuiteRunner.java:377)
	at org.testng.SuiteRunner.access$000(SuiteRunner.java:28)
	at org.testng.SuiteRunner$SuiteWorker.run(SuiteRunner.java:418)
	at org.testng.internal.thread.ThreadUtil.lambda$execute$0(ThreadUtil.java:64)
	at java.base/java.util.concurrent.FutureTask.run(FutureTask.java:317)
	at java.base/java.util.concurrent.ThreadPoolExecutor.runWorker(ThreadPoolExecutor.java:1144)
	at java.base/java.util.concurrent.ThreadPoolExecutor$Worker.run(ThreadPoolExecutor.java:642)
	at java.base/java.lang.Thread.run(Thread.java:1570)
</pre></div></td>
<td>31</td>
<td>ITW_BO_MyBrands_FilterFunctionality_Testcases.TC_008_Reg_Cities_Search@15043a2f</td></tr>
</table><p>
<table width='100%' border='1' class='invocation-passed'>
<tr><td colspan='4' align='center'><b>PASSED TESTS</b></td></tr>
<tr><td><b>Test method</b></td>
<td width="30%"><b>Exception</b></td>
<td width="10%"><b>Time (seconds)</b></td>
<td><b>Instance</b></td>
</tr>
<tr>
<td title='ITW_BO_MyBrands_FilterFunctionality_Testcases.TC_029_BPC_WPOC.BPC_WithPOC_Test()'><b>BPC_WithPOC_Test</b><br>Test class: ITW_BO_MyBrands_FilterFunctionality_Testcases.TC_029_BPC_WPOC</td>
<td></td>
<td>26</td>
<td>ITW_BO_MyBrands_FilterFunctionality_Testcases.TC_029_BPC_WPOC@18271936</td></tr>
<tr>
<td title='ITW_BO_MyBrands_FilterFunctionality_Testcases.TC_041_InavalidorEmptySearchFunctionality.SearchFunctionalityTest()'><b>SearchFunctionalityTest</b><br>Test class: ITW_BO_MyBrands_FilterFunctionality_Testcases.TC_041_InavalidorEmptySearchFunctionality</td>
<td></td>
<td>53</td>
<td>ITW_BO_MyBrands_FilterFunctionality_Testcases.TC_041_InavalidorEmptySearchFunctionality@cc43f62</td></tr>
<tr>
<td title='ITW_BO_MyBrands_FilterFunctionality_Testcases.TC_023_CO_BO_SearchFun.Co_BO_Search()'><b>Co_BO_Search</b><br>Test class: ITW_BO_MyBrands_FilterFunctionality_Testcases.TC_023_CO_BO_SearchFun</td>
<td></td>
<td>30</td>
<td>ITW_BO_MyBrands_FilterFunctionality_Testcases.TC_023_CO_BO_SearchFun@5f049ea1</td></tr>
<tr>
<td title='ITW_BO_MyBrands_FilterFunctionality_Testcases.ITW_004_SpecificCity.SpecificCityTest()'><b>SpecificCityTest</b><br>Test class: ITW_BO_MyBrands_FilterFunctionality_Testcases.ITW_004_SpecificCity</td>
<td></td>
<td>33</td>
<td>ITW_BO_MyBrands_FilterFunctionality_Testcases.ITW_004_SpecificCity@53fb3dab</td></tr>
<tr>
<td title='ITW_BO_MyBrands_FilterFunctionality_Testcases.TC_015_Ind_Cat_ClearAll.ResetTest()'><b>ResetTest</b><br>Test class: ITW_BO_MyBrands_FilterFunctionality_Testcases.TC_015_Ind_Cat_ClearAll</td>
<td></td>
<td>41</td>
<td>ITW_BO_MyBrands_FilterFunctionality_Testcases.TC_015_Ind_Cat_ClearAll@28261e8e</td></tr>
<tr>
<td title='ITW_BO_MyBrands_FilterFunctionality_Testcases.TC_012_SpecificIndustry.SelectSpecificIndustry()'><b>SelectSpecificIndustry</b><br>Test class: ITW_BO_MyBrands_FilterFunctionality_Testcases.TC_012_SpecificIndustry</td>
<td></td>
<td>35</td>
<td>ITW_BO_MyBrands_FilterFunctionality_Testcases.TC_012_SpecificIndustry@1349883</td></tr>
<tr>
<td title='ITW_BO_MyBrands_FilterFunctionality_Testcases.TC_011_Reg_Cities_CrossbrowsersTesting.Reg_CitiesFun_CrossBrowsersTest()'><b>Reg_CitiesFun_CrossBrowsersTest</b><br>Test class: ITW_BO_MyBrands_FilterFunctionality_Testcases.TC_011_Reg_Cities_CrossbrowsersTesting</td>
<td></td>
<td>31</td>
<td>ITW_BO_MyBrands_FilterFunctionality_Testcases.TC_011_Reg_Cities_CrossbrowsersTesting@4a83a74a</td></tr>
<tr>
<td title='ITW_BO_MyBrands_FilterFunctionality_Testcases.TC_030_BPC_WOPOC.BPC_WOPOC_Test()'><b>BPC_WOPOC_Test</b><br>Test class: ITW_BO_MyBrands_FilterFunctionality_Testcases.TC_030_BPC_WOPOC</td>
<td></td>
<td>26</td>
<td>ITW_BO_MyBrands_FilterFunctionality_Testcases.TC_030_BPC_WOPOC@606e4010</td></tr>
<tr>
<td title='ITW_BO_MyBrands_FilterFunctionality_Testcases.TC_019_CompanyNames_SearchFun.CmapnyNamesSearchFun()'><b>CmapnyNamesSearchFun</b><br>Test class: ITW_BO_MyBrands_FilterFunctionality_Testcases.TC_019_CompanyNames_SearchFun</td>
<td></td>
<td>31</td>
<td>ITW_BO_MyBrands_FilterFunctionality_Testcases.TC_019_CompanyNames_SearchFun@2d901eb0</td></tr>
<tr>
<td title='ITW_BO_MyBrands_FilterFunctionality_Testcases.TC_016_Ind_Cat_InvalidSearchQuery.InvalidSearchTest()'><b>InvalidSearchTest</b><br>Test class: ITW_BO_MyBrands_FilterFunctionality_Testcases.TC_016_Ind_Cat_InvalidSearchQuery</td>
<td></td>
<td>35</td>
<td>ITW_BO_MyBrands_FilterFunctionality_Testcases.TC_016_Ind_Cat_InvalidSearchQuery@d737b89</td></tr>
<tr>
<td title='ITW_BO_MyBrands_FilterFunctionality_Testcases.TC_035_AR_SliderbuttonFun.AR_SliderFun_Test()'><b>AR_SliderFun_Test</b><br>Test class: ITW_BO_MyBrands_FilterFunctionality_Testcases.TC_035_AR_SliderbuttonFun</td>
<td></td>
<td>33</td>
<td>ITW_BO_MyBrands_FilterFunctionality_Testcases.TC_035_AR_SliderbuttonFun@7a35b0f5</td></tr>
<tr>
<td title='ITW_BO_MyBrands_FilterFunctionality_Testcases.TC_014_Ind_Cat_Search.Ind_Cat_SearchFunTest()'><b>Ind_Cat_SearchFunTest</b><br>Test class: ITW_BO_MyBrands_FilterFunctionality_Testcases.TC_014_Ind_Cat_Search</td>
<td></td>
<td>35</td>
<td>ITW_BO_MyBrands_FilterFunctionality_Testcases.TC_014_Ind_Cat_Search@7f485fda</td></tr>
<tr>
<td title='ITW_BO_MyBrands_FilterFunctionality_Testcases.TC_027_CI_MultipleInventories.SelectMultipleInventoriesTest()'><b>SelectMultipleInventoriesTest</b><br>Test class: ITW_BO_MyBrands_FilterFunctionality_Testcases.TC_027_CI_MultipleInventories</td>
<td></td>
<td>28</td>
<td>ITW_BO_MyBrands_FilterFunctionality_Testcases.TC_027_CI_MultipleInventories@72035809</td></tr>
<tr>
<td title='ITW_BO_MyBrands_FilterFunctionality_Testcases.TC_021_Co_BO_Specific_CO_BO.SpecificCo_BO_Test()'><b>SpecificCo_BO_Test</b><br>Test class: ITW_BO_MyBrands_FilterFunctionality_Testcases.TC_021_Co_BO_Specific_CO_BO</td>
<td></td>
<td>33</td>
<td>ITW_BO_MyBrands_FilterFunctionality_Testcases.TC_021_Co_BO_Specific_CO_BO@3ba987b8</td></tr>
<tr>
<td title='ITW_BO_MyBrands_FilterFunctionality_Testcases.TC_013_MultipleIndustry.MultipleIndustryTest()'><b>MultipleIndustryTest</b><br>Test class: ITW_BO_MyBrands_FilterFunctionality_Testcases.TC_013_MultipleIndustry</td>
<td></td>
<td>35</td>
<td>ITW_BO_MyBrands_FilterFunctionality_Testcases.TC_013_MultipleIndustry@4b29d1d2</td></tr>
<tr>
<td title='ITW_BO_MyBrands_FilterFunctionality_Testcases.TC_039_WM_Discard.WM_DiscardFunTest()'><b>WM_DiscardFunTest</b><br>Test class: ITW_BO_MyBrands_FilterFunctionality_Testcases.TC_039_WM_Discard</td>
<td></td>
<td>39</td>
<td>ITW_BO_MyBrands_FilterFunctionality_Testcases.TC_039_WM_Discard@5e2c3d18</td></tr>
<tr>
<td title='ITW_BO_MyBrands_FilterFunctionality_Testcases.TC_040_WM_Cancel.WM_CancelbtnFunTest()'><b>WM_CancelbtnFunTest</b><br>Test class: ITW_BO_MyBrands_FilterFunctionality_Testcases.TC_040_WM_Cancel</td>
<td></td>
<td>38</td>
<td>ITW_BO_MyBrands_FilterFunctionality_Testcases.TC_040_WM_Cancel@2cb4893b</td></tr>
<tr>
<td title='ITW_BO_MyBrands_FilterFunctionality_Testcases.TC_022_Mul_Co_BO.Mul_Co_BOTest()'><b>Mul_Co_BOTest</b><br>Test class: ITW_BO_MyBrands_FilterFunctionality_Testcases.TC_022_Mul_Co_BO</td>
<td></td>
<td>30</td>
<td>ITW_BO_MyBrands_FilterFunctionality_Testcases.TC_022_Mul_Co_BO@3f191845</td></tr>
<tr>
<td title='ITW_BO_MyBrands_FilterFunctionality_Testcases.TC_032_PCD_Yes.Select_PCD_Yesopt_Test()'><b>Select_PCD_Yesopt_Test</b><br>Test class: ITW_BO_MyBrands_FilterFunctionality_Testcases.TC_032_PCD_Yes</td>
<td></td>
<td>33</td>
<td>ITW_BO_MyBrands_FilterFunctionality_Testcases.TC_032_PCD_Yes@8458f04</td></tr>
<tr>
<td title='ITW_BO_MyBrands_FilterFunctionality_Testcases.TC_026_CI_Specific_Inventory.SelectSpecificInventoryTest()'><b>SelectSpecificInventoryTest</b><br>Test class: ITW_BO_MyBrands_FilterFunctionality_Testcases.TC_026_CI_Specific_Inventory</td>
<td></td>
<td>31</td>
<td>ITW_BO_MyBrands_FilterFunctionality_Testcases.TC_026_CI_Specific_Inventory@5afa3c9</td></tr>
<tr>
<td title='ITW_BO_MyBrands_FilterFunctionality_Testcases.TC_006_MultipleRegions.MultipleRegionsTest()'><b>MultipleRegionsTest</b><br>Test class: ITW_BO_MyBrands_FilterFunctionality_Testcases.TC_006_MultipleRegions</td>
<td></td>
<td>31</td>
<td>ITW_BO_MyBrands_FilterFunctionality_Testcases.TC_006_MultipleRegions@196a42c3</td></tr>
<tr>
<td title='ITW_BO_MyBrands_FilterFunctionality_Testcases.TC_033_PCD_NO.PCD_NoOpt_Test()'><b>PCD_NoOpt_Test</b><br>Test class: ITW_BO_MyBrands_FilterFunctionality_Testcases.TC_033_PCD_NO</td>
<td></td>
<td>29</td>
<td>ITW_BO_MyBrands_FilterFunctionality_Testcases.TC_033_PCD_NO@48075da3</td></tr>
<tr>
<td title='ITW_BO_MyBrands_FilterFunctionality_Testcases.TC_007_ClearAll.ClearAllTest()'><b>ClearAllTest</b><br>Test class: ITW_BO_MyBrands_FilterFunctionality_Testcases.TC_007_ClearAll</td>
<td></td>
<td>30</td>
<td>ITW_BO_MyBrands_FilterFunctionality_Testcases.TC_007_ClearAll@4c60d6e9</td></tr>
<tr>
<td title='ITW_BO_MyBrands_FilterFunctionality_Testcases.TC_017_SpecificCompanyName.SelectSpecficCompanyTest()'><b>SelectSpecficCompanyTest</b><br>Test class: ITW_BO_MyBrands_FilterFunctionality_Testcases.TC_017_SpecificCompanyName</td>
<td></td>
<td>34</td>
<td>ITW_BO_MyBrands_FilterFunctionality_Testcases.TC_017_SpecificCompanyName@8519cb4</td></tr>
<tr>
<td title='ITW_BO_MyBrands_FilterFunctionality_Testcases.TC_025_CO_BO_NavigateBack.CO_BO_Navigate_Back_Test()'><b>CO_BO_Navigate_Back_Test</b><br>Test class: ITW_BO_MyBrands_FilterFunctionality_Testcases.TC_025_CO_BO_NavigateBack</td>
<td></td>
<td>32</td>
<td>ITW_BO_MyBrands_FilterFunctionality_Testcases.TC_025_CO_BO_NavigateBack@72cc7e6f</td></tr>
<tr>
<td title='ITW_BO_MyBrands_FilterFunctionality_Testcases.TC_028_CI_NavigateBackArrow.CI_NavigatebackArrowTest()'><b>CI_NavigatebackArrowTest</b><br>Test class: ITW_BO_MyBrands_FilterFunctionality_Testcases.TC_028_CI_NavigateBackArrow</td>
<td></td>
<td>27</td>
<td>ITW_BO_MyBrands_FilterFunctionality_Testcases.TC_028_CI_NavigateBackArrow@909217e</td></tr>
<tr>
<td title='ITW_BO_MyBrands_FilterFunctionality_Testcases.TC_018_MultipleCompanyNames.MiltipleCompanyNamesTest()'><b>MiltipleCompanyNamesTest</b><br>Test class: ITW_BO_MyBrands_FilterFunctionality_Testcases.TC_018_MultipleCompanyNames</td>
<td></td>
<td>32</td>
<td>ITW_BO_MyBrands_FilterFunctionality_Testcases.TC_018_MultipleCompanyNames@35dab4eb</td></tr>
</table><p>
</body>
</html>